2021-07-16T07:11:06+00:00 CRITICAL Uncaught Google\Protobuf\Internal\GPBDecodeException: Error occurred during parsing: Fail to push limit. in /var/www/clients/client0/web110/web/wp-content/plugins/google-listings-and-ads/vendor/google/protobuf/src/Google/Protobuf/Internal/CodedInputStream.php:340
Stack trace:
#0 /var/www/clients/client0/web110/web/wp-content/plugins/google-listings-and-ads/vendor/google/protobuf/src/Google/Protobuf/Internal/CodedInputStream.php(363): Google\Protobuf\Internal\CodedInputStream->pushLimit()
#1 /var/www/clients/client0/web110/web/wp-content/plugins/google-listings-and-ads/vendor/google/protobuf/src/Google/Protobuf/Internal/GPBWire.php(286): Google\Protobuf\Internal\CodedInputStream->incrementRecursionDepthAndPushLimit()
#2 /var/www/clients/client0/web110/web/wp-content/plugins/google-listings-and-ads/vendor/google/protobuf/src/Google/Protobuf/Internal/Message.php(435): Google\Protobuf\Internal\GPBWire::readMessage()
#3 /var/www/clients/client0/web110/web/wp-content/plugins/google-listings-and-ads/vendor/google/pr dans /var/www/clients/client0/web110/web/wp-content/plugins/google-listings-and-ads/vendor/google/protobuf/src/Google/Protobuf/Internal/CodedInputStream.php à la ligne 340

2021-07-16T07:11:06+00:00 CRITICAL Uncaught Google\Protobuf\Internal\GPBDecodeException: Error occurred during parsing: Fail to push limit. in /var/www/clients/client0/web110/web/wp-content/plugins/google-listings-and-ads/vendor/google/protobuf/src/Google/Protobuf/Internal/CodedInputStream.php:340
Stack trace:
#0 /var/www/clients/client0/web110/web/wp-content/plugins/google-listings-and-ads/vendor/google/protobuf/src/Google/Protobuf/Internal/CodedInputStream.php(363): Google\Protobuf\Internal\CodedInputStream->pushLimit()
#1 /var/www/clients/client0/web110/web/wp-content/plugins/google-listings-and-ads/vendor/google/protobuf/src/Google/Protobuf/Internal/GPBWire.php(286): Google\Protobuf\Internal\CodedInputStream->incrementRecursionDepthAndPushLimit()
#2 /var/www/clients/client0/web110/web/wp-content/plugins/google-listings-and-ads/vendor/google/protobuf/src/Google/Protobuf/Internal/Message.php(435): Google\Protobuf\Internal\GPBWire::readMessage()
#3 /var/www/clients/client0/web110/web/wp-content/plugins/google-listings-and-ads/vendor/google/pr dans /var/www/clients/client0/web110/web/wp-content/plugins/google-listings-and-ads/vendor/google/protobuf/src/Google/Protobuf/Internal/CodedInputStream.php à la ligne 340

2021-07-16T07:11:06+00:00 CRITICAL Uncaught Google\Protobuf\Internal\GPBDecodeException: Error occurred during parsing: Fail to push limit. in /var/www/clients/client0/web110/web/wp-content/plugins/google-listings-and-ads/vendor/google/protobuf/src/Google/Protobuf/Internal/CodedInputStream.php:340
Stack trace:
#0 /var/www/clients/client0/web110/web/wp-content/plugins/google-listings-and-ads/vendor/google/protobuf/src/Google/Protobuf/Internal/CodedInputStream.php(363): Google\Protobuf\Internal\CodedInputStream->pushLimit()
#1 /var/www/clients/client0/web110/web/wp-content/plugins/google-listings-and-ads/vendor/google/protobuf/src/Google/Protobuf/Internal/GPBWire.php(286): Google\Protobuf\Internal\CodedInputStream->incrementRecursionDepthAndPushLimit()
#2 /var/www/clients/client0/web110/web/wp-content/plugins/google-listings-and-ads/vendor/google/protobuf/src/Google/Protobuf/Internal/Message.php(435): Google\Protobuf\Internal\GPBWire::readMessage()
#3 /var/www/clients/client0/web110/web/wp-content/plugins/google-listings-and-ads/vendor/google/pr dans /var/www/clients/client0/web110/web/wp-content/plugins/google-listings-and-ads/vendor/google/protobuf/src/Google/Protobuf/Internal/CodedInputStream.php à la ligne 340

2021-07-16T07:35:59+00:00 CRITICAL Uncaught Google\Protobuf\Internal\GPBDecodeException: Error occurred during parsing: Fail to push limit. in /var/www/clients/client0/web110/web/wp-content/plugins/google-listings-and-ads/vendor/google/protobuf/src/Google/Protobuf/Internal/CodedInputStream.php:340
Stack trace:
#0 /var/www/clients/client0/web110/web/wp-content/plugins/google-listings-and-ads/vendor/google/protobuf/src/Google/Protobuf/Internal/CodedInputStream.php(363): Google\Protobuf\Internal\CodedInputStream->pushLimit()
#1 /var/www/clients/client0/web110/web/wp-content/plugins/google-listings-and-ads/vendor/google/protobuf/src/Google/Protobuf/Internal/GPBWire.php(286): Google\Protobuf\Internal\CodedInputStream->incrementRecursionDepthAndPushLimit()
#2 /var/www/clients/client0/web110/web/wp-content/plugins/google-listings-and-ads/vendor/google/protobuf/src/Google/Protobuf/Internal/Message.php(435): Google\Protobuf\Internal\GPBWire::readMessage()
#3 /var/www/clients/client0/web110/web/wp-content/plugins/google-listings-and-ads/vendor/google/pr dans /var/www/clients/client0/web110/web/wp-content/plugins/google-listings-and-ads/vendor/google/protobuf/src/Google/Protobuf/Internal/CodedInputStream.php à la ligne 340

2021-07-16T07:35:59+00:00 CRITICAL Uncaught Google\Protobuf\Internal\GPBDecodeException: Error occurred during parsing: Fail to push limit. in /var/www/clients/client0/web110/web/wp-content/plugins/google-listings-and-ads/vendor/google/protobuf/src/Google/Protobuf/Internal/CodedInputStream.php:340
Stack trace:
#0 /var/www/clients/client0/web110/web/wp-content/plugins/google-listings-and-ads/vendor/google/protobuf/src/Google/Protobuf/Internal/CodedInputStream.php(363): Google\Protobuf\Internal\CodedInputStream->pushLimit()
#1 /var/www/clients/client0/web110/web/wp-content/plugins/google-listings-and-ads/vendor/google/protobuf/src/Google/Protobuf/Internal/GPBWire.php(286): Google\Protobuf\Internal\CodedInputStream->incrementRecursionDepthAndPushLimit()
#2 /var/www/clients/client0/web110/web/wp-content/plugins/google-listings-and-ads/vendor/google/protobuf/src/Google/Protobuf/Internal/Message.php(435): Google\Protobuf\Internal\GPBWire::readMessage()
#3 /var/www/clients/client0/web110/web/wp-content/plugins/google-listings-and-ads/vendor/google/pr dans /var/www/clients/client0/web110/web/wp-content/plugins/google-listings-and-ads/vendor/google/protobuf/src/Google/Protobuf/Internal/CodedInputStream.php à la ligne 340

2021-07-16T07:36:00+00:00 CRITICAL Uncaught Google\Protobuf\Internal\GPBDecodeException: Error occurred during parsing: Fail to push limit. in /var/www/clients/client0/web110/web/wp-content/plugins/google-listings-and-ads/vendor/google/protobuf/src/Google/Protobuf/Internal/CodedInputStream.php:340
Stack trace:
#0 /var/www/clients/client0/web110/web/wp-content/plugins/google-listings-and-ads/vendor/google/protobuf/src/Google/Protobuf/Internal/CodedInputStream.php(363): Google\Protobuf\Internal\CodedInputStream->pushLimit()
#1 /var/www/clients/client0/web110/web/wp-content/plugins/google-listings-and-ads/vendor/google/protobuf/src/Google/Protobuf/Internal/GPBWire.php(286): Google\Protobuf\Internal\CodedInputStream->incrementRecursionDepthAndPushLimit()
#2 /var/www/clients/client0/web110/web/wp-content/plugins/google-listings-and-ads/vendor/google/protobuf/src/Google/Protobuf/Internal/Message.php(435): Google\Protobuf\Internal\GPBWire::readMessage()
#3 /var/www/clients/client0/web110/web/wp-content/plugins/google-listings-and-ads/vendor/google/pr dans /var/www/clients/client0/web110/web/wp-content/plugins/google-listings-and-ads/vendor/google/protobuf/src/Google/Protobuf/Internal/CodedInputStream.php à la ligne 340

2021-07-16T07:36:11+00:00 CRITICAL Uncaught Google\Protobuf\Internal\GPBDecodeException: Error occurred during parsing: Fail to push limit. in /var/www/clients/client0/web110/web/wp-content/plugins/google-listings-and-ads/vendor/google/protobuf/src/Google/Protobuf/Internal/CodedInputStream.php:340
Stack trace:
#0 /var/www/clients/client0/web110/web/wp-content/plugins/google-listings-and-ads/vendor/google/protobuf/src/Google/Protobuf/Internal/CodedInputStream.php(363): Google\Protobuf\Internal\CodedInputStream->pushLimit()
#1 /var/www/clients/client0/web110/web/wp-content/plugins/google-listings-and-ads/vendor/google/protobuf/src/Google/Protobuf/Internal/GPBWire.php(286): Google\Protobuf\Internal\CodedInputStream->incrementRecursionDepthAndPushLimit()
#2 /var/www/clients/client0/web110/web/wp-content/plugins/google-listings-and-ads/vendor/google/protobuf/src/Google/Protobuf/Internal/Message.php(435): Google\Protobuf\Internal\GPBWire::readMessage()
#3 /var/www/clients/client0/web110/web/wp-content/plugins/google-listings-and-ads/vendor/google/pr dans /var/www/clients/client0/web110/web/wp-content/plugins/google-listings-and-ads/vendor/google/protobuf/src/Google/Protobuf/Internal/CodedInputStream.php à la ligne 340

2021-07-16T07:36:32+00:00 CRITICAL Uncaught Google\Protobuf\Internal\GPBDecodeException: Error occurred during parsing: Fail to push limit. in /var/www/clients/client0/web110/web/wp-content/plugins/google-listings-and-ads/vendor/google/protobuf/src/Google/Protobuf/Internal/CodedInputStream.php:340
Stack trace:
#0 /var/www/clients/client0/web110/web/wp-content/plugins/google-listings-and-ads/vendor/google/protobuf/src/Google/Protobuf/Internal/CodedInputStream.php(363): Google\Protobuf\Internal\CodedInputStream->pushLimit()
#1 /var/www/clients/client0/web110/web/wp-content/plugins/google-listings-and-ads/vendor/google/protobuf/src/Google/Protobuf/Internal/GPBWire.php(286): Google\Protobuf\Internal\CodedInputStream->incrementRecursionDepthAndPushLimit()
#2 /var/www/clients/client0/web110/web/wp-content/plugins/google-listings-and-ads/vendor/google/protobuf/src/Google/Protobuf/Internal/Message.php(435): Google\Protobuf\Internal\GPBWire::readMessage()
#3 /var/www/clients/client0/web110/web/wp-content/plugins/google-listings-and-ads/vendor/google/pr dans /var/www/clients/client0/web110/web/wp-content/plugins/google-listings-and-ads/vendor/google/protobuf/src/Google/Protobuf/Internal/CodedInputStream.php à la ligne 340

2021-07-16T07:36:32+00:00 CRITICAL Uncaught Google\Protobuf\Internal\GPBDecodeException: Error occurred during parsing: Fail to push limit. in /var/www/clients/client0/web110/web/wp-content/plugins/google-listings-and-ads/vendor/google/protobuf/src/Google/Protobuf/Internal/CodedInputStream.php:340
Stack trace:
#0 /var/www/clients/client0/web110/web/wp-content/plugins/google-listings-and-ads/vendor/google/protobuf/src/Google/Protobuf/Internal/CodedInputStream.php(363): Google\Protobuf\Internal\CodedInputStream->pushLimit()
#1 /var/www/clients/client0/web110/web/wp-content/plugins/google-listings-and-ads/vendor/google/protobuf/src/Google/Protobuf/Internal/GPBWire.php(286): Google\Protobuf\Internal\CodedInputStream->incrementRecursionDepthAndPushLimit()
#2 /var/www/clients/client0/web110/web/wp-content/plugins/google-listings-and-ads/vendor/google/protobuf/src/Google/Protobuf/Internal/Message.php(435): Google\Protobuf\Internal\GPBWire::readMessage()
#3 /var/www/clients/client0/web110/web/wp-content/plugins/google-listings-and-ads/vendor/google/pr dans /var/www/clients/client0/web110/web/wp-content/plugins/google-listings-and-ads/vendor/google/protobuf/src/Google/Protobuf/Internal/CodedInputStream.php à la ligne 340

2021-07-16T07:37:05+00:00 CRITICAL Uncaught Google\Protobuf\Internal\GPBDecodeException: Error occurred during parsing: Fail to push limit. in /var/www/clients/client0/web110/web/wp-content/plugins/google-listings-and-ads/vendor/google/protobuf/src/Google/Protobuf/Internal/CodedInputStream.php:340
Stack trace:
#0 /var/www/clients/client0/web110/web/wp-content/plugins/google-listings-and-ads/vendor/google/protobuf/src/Google/Protobuf/Internal/CodedInputStream.php(363): Google\Protobuf\Internal\CodedInputStream->pushLimit()
#1 /var/www/clients/client0/web110/web/wp-content/plugins/google-listings-and-ads/vendor/google/protobuf/src/Google/Protobuf/Internal/GPBWire.php(286): Google\Protobuf\Internal\CodedInputStream->incrementRecursionDepthAndPushLimit()
#2 /var/www/clients/client0/web110/web/wp-content/plugins/google-listings-and-ads/vendor/google/protobuf/src/Google/Protobuf/Internal/Message.php(435): Google\Protobuf\Internal\GPBWire::readMessage()
#3 /var/www/clients/client0/web110/web/wp-content/plugins/google-listings-and-ads/vendor/google/pr dans /var/www/clients/client0/web110/web/wp-content/plugins/google-listings-and-ads/vendor/google/protobuf/src/Google/Protobuf/Internal/CodedInputStream.php à la ligne 340

2021-07-16T07:37:05+00:00 CRITICAL Uncaught Google\Protobuf\Internal\GPBDecodeException: Error occurred during parsing: Fail to push limit. in /var/www/clients/client0/web110/web/wp-content/plugins/google-listings-and-ads/vendor/google/protobuf/src/Google/Protobuf/Internal/CodedInputStream.php:340
Stack trace:
#0 /var/www/clients/client0/web110/web/wp-content/plugins/google-listings-and-ads/vendor/google/protobuf/src/Google/Protobuf/Internal/CodedInputStream.php(363): Google\Protobuf\Internal\CodedInputStream->pushLimit()
#1 /var/www/clients/client0/web110/web/wp-content/plugins/google-listings-and-ads/vendor/google/protobuf/src/Google/Protobuf/Internal/GPBWire.php(286): Google\Protobuf\Internal\CodedInputStream->incrementRecursionDepthAndPushLimit()
#2 /var/www/clients/client0/web110/web/wp-content/plugins/google-listings-and-ads/vendor/google/protobuf/src/Google/Protobuf/Internal/Message.php(435): Google\Protobuf\Internal\GPBWire::readMessage()
#3 /var/www/clients/client0/web110/web/wp-content/plugins/google-listings-and-ads/vendor/google/pr dans /var/www/clients/client0/web110/web/wp-content/plugins/google-listings-and-ads/vendor/google/protobuf/src/Google/Protobuf/Internal/CodedInputStream.php à la ligne 340

2021-07-16T07:37:11+00:00 CRITICAL Uncaught Google\Protobuf\Internal\GPBDecodeException: Error occurred during parsing: Fail to push limit. in /var/www/clients/client0/web110/web/wp-content/plugins/google-listings-and-ads/vendor/google/protobuf/src/Google/Protobuf/Internal/CodedInputStream.php:340
Stack trace:
#0 /var/www/clients/client0/web110/web/wp-content/plugins/google-listings-and-ads/vendor/google/protobuf/src/Google/Protobuf/Internal/CodedInputStream.php(363): Google\Protobuf\Internal\CodedInputStream->pushLimit()
#1 /var/www/clients/client0/web110/web/wp-content/plugins/google-listings-and-ads/vendor/google/protobuf/src/Google/Protobuf/Internal/GPBWire.php(286): Google\Protobuf\Internal\CodedInputStream->incrementRecursionDepthAndPushLimit()
#2 /var/www/clients/client0/web110/web/wp-content/plugins/google-listings-and-ads/vendor/google/protobuf/src/Google/Protobuf/Internal/Message.php(435): Google\Protobuf\Internal\GPBWire::readMessage()
#3 /var/www/clients/client0/web110/web/wp-content/plugins/google-listings-and-ads/vendor/google/pr dans /var/www/clients/client0/web110/web/wp-content/plugins/google-listings-and-ads/vendor/google/protobuf/src/Google/Protobuf/Internal/CodedInputStream.php à la ligne 340

2021-07-16T07:37:11+00:00 CRITICAL Uncaught Google\Protobuf\Internal\GPBDecodeException: Error occurred during parsing: Fail to push limit. in /var/www/clients/client0/web110/web/wp-content/plugins/google-listings-and-ads/vendor/google/protobuf/src/Google/Protobuf/Internal/CodedInputStream.php:340
Stack trace:
#0 /var/www/clients/client0/web110/web/wp-content/plugins/google-listings-and-ads/vendor/google/protobuf/src/Google/Protobuf/Internal/CodedInputStream.php(363): Google\Protobuf\Internal\CodedInputStream->pushLimit()
#1 /var/www/clients/client0/web110/web/wp-content/plugins/google-listings-and-ads/vendor/google/protobuf/src/Google/Protobuf/Internal/GPBWire.php(286): Google\Protobuf\Internal\CodedInputStream->incrementRecursionDepthAndPushLimit()
#2 /var/www/clients/client0/web110/web/wp-content/plugins/google-listings-and-ads/vendor/google/protobuf/src/Google/Protobuf/Internal/Message.php(435): Google\Protobuf\Internal\GPBWire::readMessage()
#3 /var/www/clients/client0/web110/web/wp-content/plugins/google-listings-and-ads/vendor/google/pr dans /var/www/clients/client0/web110/web/wp-content/plugins/google-listings-and-ads/vendor/google/protobuf/src/Google/Protobuf/Internal/CodedInputStream.php à la ligne 340

2021-07-16T07:37:19+00:00 CRITICAL Uncaught Google\Protobuf\Internal\GPBDecodeException: Error occurred during parsing: Fail to push limit. in /var/www/clients/client0/web110/web/wp-content/plugins/google-listings-and-ads/vendor/google/protobuf/src/Google/Protobuf/Internal/CodedInputStream.php:340
Stack trace:
#0 /var/www/clients/client0/web110/web/wp-content/plugins/google-listings-and-ads/vendor/google/protobuf/src/Google/Protobuf/Internal/CodedInputStream.php(363): Google\Protobuf\Internal\CodedInputStream->pushLimit()
#1 /var/www/clients/client0/web110/web/wp-content/plugins/google-listings-and-ads/vendor/google/protobuf/src/Google/Protobuf/Internal/GPBWire.php(286): Google\Protobuf\Internal\CodedInputStream->incrementRecursionDepthAndPushLimit()
#2 /var/www/clients/client0/web110/web/wp-content/plugins/google-listings-and-ads/vendor/google/protobuf/src/Google/Protobuf/Internal/Message.php(435): Google\Protobuf\Internal\GPBWire::readMessage()
#3 /var/www/clients/client0/web110/web/wp-content/plugins/google-listings-and-ads/vendor/google/pr dans /var/www/clients/client0/web110/web/wp-content/plugins/google-listings-and-ads/vendor/google/protobuf/src/Google/Protobuf/Internal/CodedInputStream.php à la ligne 340

2021-07-16T07:37:19+00:00 CRITICAL Uncaught Google\Protobuf\Internal\GPBDecodeException: Error occurred during parsing: Fail to push limit. in /var/www/clients/client0/web110/web/wp-content/plugins/google-listings-and-ads/vendor/google/protobuf/src/Google/Protobuf/Internal/CodedInputStream.php:340
Stack trace:
#0 /var/www/clients/client0/web110/web/wp-content/plugins/google-listings-and-ads/vendor/google/protobuf/src/Google/Protobuf/Internal/CodedInputStream.php(363): Google\Protobuf\Internal\CodedInputStream->pushLimit()
#1 /var/www/clients/client0/web110/web/wp-content/plugins/google-listings-and-ads/vendor/google/protobuf/src/Google/Protobuf/Internal/GPBWire.php(286): Google\Protobuf\Internal\CodedInputStream->incrementRecursionDepthAndPushLimit()
#2 /var/www/clients/client0/web110/web/wp-content/plugins/google-listings-and-ads/vendor/google/protobuf/src/Google/Protobuf/Internal/Message.php(435): Google\Protobuf\Internal\GPBWire::readMessage()
#3 /var/www/clients/client0/web110/web/wp-content/plugins/google-listings-and-ads/vendor/google/pr dans /var/www/clients/client0/web110/web/wp-content/plugins/google-listings-and-ads/vendor/google/protobuf/src/Google/Protobuf/Internal/CodedInputStream.php à la ligne 340

2021-07-16T07:40:39+00:00 CRITICAL Uncaught Google\Protobuf\Internal\GPBDecodeException: Error occurred during parsing: Fail to push limit. in /var/www/clients/client0/web110/web/wp-content/plugins/google-listings-and-ads/vendor/google/protobuf/src/Google/Protobuf/Internal/CodedInputStream.php:340
Stack trace:
#0 /var/www/clients/client0/web110/web/wp-content/plugins/google-listings-and-ads/vendor/google/protobuf/src/Google/Protobuf/Internal/CodedInputStream.php(363): Google\Protobuf\Internal\CodedInputStream->pushLimit()
#1 /var/www/clients/client0/web110/web/wp-content/plugins/google-listings-and-ads/vendor/google/protobuf/src/Google/Protobuf/Internal/GPBWire.php(286): Google\Protobuf\Internal\CodedInputStream->incrementRecursionDepthAndPushLimit()
#2 /var/www/clients/client0/web110/web/wp-content/plugins/google-listings-and-ads/vendor/google/protobuf/src/Google/Protobuf/Internal/Message.php(435): Google\Protobuf\Internal\GPBWire::readMessage()
#3 /var/www/clients/client0/web110/web/wp-content/plugins/google-listings-and-ads/vendor/google/pr dans /var/www/clients/client0/web110/web/wp-content/plugins/google-listings-and-ads/vendor/google/protobuf/src/Google/Protobuf/Internal/CodedInputStream.php à la ligne 340

2021-07-16T07:40:39+00:00 CRITICAL Uncaught Google\Protobuf\Internal\GPBDecodeException: Error occurred during parsing: Fail to push limit. in /var/www/clients/client0/web110/web/wp-content/plugins/google-listings-and-ads/vendor/google/protobuf/src/Google/Protobuf/Internal/CodedInputStream.php:340
Stack trace:
#0 /var/www/clients/client0/web110/web/wp-content/plugins/google-listings-and-ads/vendor/google/protobuf/src/Google/Protobuf/Internal/CodedInputStream.php(363): Google\Protobuf\Internal\CodedInputStream->pushLimit()
#1 /var/www/clients/client0/web110/web/wp-content/plugins/google-listings-and-ads/vendor/google/protobuf/src/Google/Protobuf/Internal/GPBWire.php(286): Google\Protobuf\Internal\CodedInputStream->incrementRecursionDepthAndPushLimit()
#2 /var/www/clients/client0/web110/web/wp-content/plugins/google-listings-and-ads/vendor/google/protobuf/src/Google/Protobuf/Internal/Message.php(435): Google\Protobuf\Internal\GPBWire::readMessage()
#3 /var/www/clients/client0/web110/web/wp-content/plugins/google-listings-and-ads/vendor/google/pr dans /var/www/clients/client0/web110/web/wp-content/plugins/google-listings-and-ads/vendor/google/protobuf/src/Google/Protobuf/Internal/CodedInputStream.php à la ligne 340

2021-07-16T07:40:39+00:00 CRITICAL Uncaught Google\Protobuf\Internal\GPBDecodeException: Error occurred during parsing: Fail to push limit. in /var/www/clients/client0/web110/web/wp-content/plugins/google-listings-and-ads/vendor/google/protobuf/src/Google/Protobuf/Internal/CodedInputStream.php:340
Stack trace:
#0 /var/www/clients/client0/web110/web/wp-content/plugins/google-listings-and-ads/vendor/google/protobuf/src/Google/Protobuf/Internal/CodedInputStream.php(363): Google\Protobuf\Internal\CodedInputStream->pushLimit()
#1 /var/www/clients/client0/web110/web/wp-content/plugins/google-listings-and-ads/vendor/google/protobuf/src/Google/Protobuf/Internal/GPBWire.php(286): Google\Protobuf\Internal\CodedInputStream->incrementRecursionDepthAndPushLimit()
#2 /var/www/clients/client0/web110/web/wp-content/plugins/google-listings-and-ads/vendor/google/protobuf/src/Google/Protobuf/Internal/Message.php(435): Google\Protobuf\Internal\GPBWire::readMessage()
#3 /var/www/clients/client0/web110/web/wp-content/plugins/google-listings-and-ads/vendor/google/pr dans /var/www/clients/client0/web110/web/wp-content/plugins/google-listings-and-ads/vendor/google/protobuf/src/Google/Protobuf/Internal/CodedInputStream.php à la ligne 340

2021-07-16T07:41:01+00:00 CRITICAL Uncaught Google\Protobuf\Internal\GPBDecodeException: Error occurred during parsing: Fail to push limit. in /var/www/clients/client0/web110/web/wp-content/plugins/google-listings-and-ads/vendor/google/protobuf/src/Google/Protobuf/Internal/CodedInputStream.php:340
Stack trace:
#0 /var/www/clients/client0/web110/web/wp-content/plugins/google-listings-and-ads/vendor/google/protobuf/src/Google/Protobuf/Internal/CodedInputStream.php(363): Google\Protobuf\Internal\CodedInputStream->pushLimit()
#1 /var/www/clients/client0/web110/web/wp-content/plugins/google-listings-and-ads/vendor/google/protobuf/src/Google/Protobuf/Internal/GPBWire.php(286): Google\Protobuf\Internal\CodedInputStream->incrementRecursionDepthAndPushLimit()
#2 /var/www/clients/client0/web110/web/wp-content/plugins/google-listings-and-ads/vendor/google/protobuf/src/Google/Protobuf/Internal/Message.php(435): Google\Protobuf\Internal\GPBWire::readMessage()
#3 /var/www/clients/client0/web110/web/wp-content/plugins/google-listings-and-ads/vendor/google/pr dans /var/www/clients/client0/web110/web/wp-content/plugins/google-listings-and-ads/vendor/google/protobuf/src/Google/Protobuf/Internal/CodedInputStream.php à la ligne 340

2021-07-16T07:41:01+00:00 CRITICAL Uncaught Google\Protobuf\Internal\GPBDecodeException: Error occurred during parsing: Fail to push limit. in /var/www/clients/client0/web110/web/wp-content/plugins/google-listings-and-ads/vendor/google/protobuf/src/Google/Protobuf/Internal/CodedInputStream.php:340
Stack trace:
#0 /var/www/clients/client0/web110/web/wp-content/plugins/google-listings-and-ads/vendor/google/protobuf/src/Google/Protobuf/Internal/CodedInputStream.php(363): Google\Protobuf\Internal\CodedInputStream->pushLimit()
#1 /var/www/clients/client0/web110/web/wp-content/plugins/google-listings-and-ads/vendor/google/protobuf/src/Google/Protobuf/Internal/GPBWire.php(286): Google\Protobuf\Internal\CodedInputStream->incrementRecursionDepthAndPushLimit()
#2 /var/www/clients/client0/web110/web/wp-content/plugins/google-listings-and-ads/vendor/google/protobuf/src/Google/Protobuf/Internal/Message.php(435): Google\Protobuf\Internal\GPBWire::readMessage()
#3 /var/www/clients/client0/web110/web/wp-content/plugins/google-listings-and-ads/vendor/google/pr dans /var/www/clients/client0/web110/web/wp-content/plugins/google-listings-and-ads/vendor/google/protobuf/src/Google/Protobuf/Internal/CodedInputStream.php à la ligne 340

2021-07-16T07:41:20+00:00 CRITICAL Uncaught Google\Protobuf\Internal\GPBDecodeException: Error occurred during parsing: Fail to push limit. in /var/www/clients/client0/web110/web/wp-content/plugins/google-listings-and-ads/vendor/google/protobuf/src/Google/Protobuf/Internal/CodedInputStream.php:340
Stack trace:
#0 /var/www/clients/client0/web110/web/wp-content/plugins/google-listings-and-ads/vendor/google/protobuf/src/Google/Protobuf/Internal/CodedInputStream.php(363): Google\Protobuf\Internal\CodedInputStream->pushLimit()
#1 /var/www/clients/client0/web110/web/wp-content/plugins/google-listings-and-ads/vendor/google/protobuf/src/Google/Protobuf/Internal/GPBWire.php(286): Google\Protobuf\Internal\CodedInputStream->incrementRecursionDepthAndPushLimit()
#2 /var/www/clients/client0/web110/web/wp-content/plugins/google-listings-and-ads/vendor/google/protobuf/src/Google/Protobuf/Internal/Message.php(435): Google\Protobuf\Internal\GPBWire::readMessage()
#3 /var/www/clients/client0/web110/web/wp-content/plugins/google-listings-and-ads/vendor/google/pr dans /var/www/clients/client0/web110/web/wp-content/plugins/google-listings-and-ads/vendor/google/protobuf/src/Google/Protobuf/Internal/CodedInputStream.php à la ligne 340

2021-07-16T07:41:21+00:00 CRITICAL Uncaught Google\Protobuf\Internal\GPBDecodeException: Error occurred during parsing: Fail to push limit. in /var/www/clients/client0/web110/web/wp-content/plugins/google-listings-and-ads/vendor/google/protobuf/src/Google/Protobuf/Internal/CodedInputStream.php:340
Stack trace:
#0 /var/www/clients/client0/web110/web/wp-content/plugins/google-listings-and-ads/vendor/google/protobuf/src/Google/Protobuf/Internal/CodedInputStream.php(363): Google\Protobuf\Internal\CodedInputStream->pushLimit()
#1 /var/www/clients/client0/web110/web/wp-content/plugins/google-listings-and-ads/vendor/google/protobuf/src/Google/Protobuf/Internal/GPBWire.php(286): Google\Protobuf\Internal\CodedInputStream->incrementRecursionDepthAndPushLimit()
#2 /var/www/clients/client0/web110/web/wp-content/plugins/google-listings-and-ads/vendor/google/protobuf/src/Google/Protobuf/Internal/Message.php(435): Google\Protobuf\Internal\GPBWire::readMessage()
#3 /var/www/clients/client0/web110/web/wp-content/plugins/google-listings-and-ads/vendor/google/pr dans /var/www/clients/client0/web110/web/wp-content/plugins/google-listings-and-ads/vendor/google/protobuf/src/Google/Protobuf/Internal/CodedInputStream.php à la ligne 340

2021-07-16T07:41:39+00:00 CRITICAL Uncaught Google\Protobuf\Internal\GPBDecodeException: Error occurred during parsing: Fail to push limit. in /var/www/clients/client0/web110/web/wp-content/plugins/google-listings-and-ads/vendor/google/protobuf/src/Google/Protobuf/Internal/CodedInputStream.php:340
Stack trace:
#0 /var/www/clients/client0/web110/web/wp-content/plugins/google-listings-and-ads/vendor/google/protobuf/src/Google/Protobuf/Internal/CodedInputStream.php(363): Google\Protobuf\Internal\CodedInputStream->pushLimit()
#1 /var/www/clients/client0/web110/web/wp-content/plugins/google-listings-and-ads/vendor/google/protobuf/src/Google/Protobuf/Internal/GPBWire.php(286): Google\Protobuf\Internal\CodedInputStream->incrementRecursionDepthAndPushLimit()
#2 /var/www/clients/client0/web110/web/wp-content/plugins/google-listings-and-ads/vendor/google/protobuf/src/Google/Protobuf/Internal/Message.php(435): Google\Protobuf\Internal\GPBWire::readMessage()
#3 /var/www/clients/client0/web110/web/wp-content/plugins/google-listings-and-ads/vendor/google/pr dans /var/www/clients/client0/web110/web/wp-content/plugins/google-listings-and-ads/vendor/google/protobuf/src/Google/Protobuf/Internal/CodedInputStream.php à la ligne 340

2021-07-16T07:41:40+00:00 CRITICAL Uncaught Google\Protobuf\Internal\GPBDecodeException: Error occurred during parsing: Fail to push limit. in /var/www/clients/client0/web110/web/wp-content/plugins/google-listings-and-ads/vendor/google/protobuf/src/Google/Protobuf/Internal/CodedInputStream.php:340
Stack trace:
#0 /var/www/clients/client0/web110/web/wp-content/plugins/google-listings-and-ads/vendor/google/protobuf/src/Google/Protobuf/Internal/CodedInputStream.php(363): Google\Protobuf\Internal\CodedInputStream->pushLimit()
#1 /var/www/clients/client0/web110/web/wp-content/plugins/google-listings-and-ads/vendor/google/protobuf/src/Google/Protobuf/Internal/GPBWire.php(286): Google\Protobuf\Internal\CodedInputStream->incrementRecursionDepthAndPushLimit()
#2 /var/www/clients/client0/web110/web/wp-content/plugins/google-listings-and-ads/vendor/google/protobuf/src/Google/Protobuf/Internal/Message.php(435): Google\Protobuf\Internal\GPBWire::readMessage()
#3 /var/www/clients/client0/web110/web/wp-content/plugins/google-listings-and-ads/vendor/google/pr dans /var/www/clients/client0/web110/web/wp-content/plugins/google-listings-and-ads/vendor/google/protobuf/src/Google/Protobuf/Internal/CodedInputStream.php à la ligne 340

2021-07-16T07:41:46+00:00 CRITICAL Uncaught Google\Protobuf\Internal\GPBDecodeException: Error occurred during parsing: Fail to push limit. in /var/www/clients/client0/web110/web/wp-content/plugins/google-listings-and-ads/vendor/google/protobuf/src/Google/Protobuf/Internal/CodedInputStream.php:340
Stack trace:
#0 /var/www/clients/client0/web110/web/wp-content/plugins/google-listings-and-ads/vendor/google/protobuf/src/Google/Protobuf/Internal/CodedInputStream.php(363): Google\Protobuf\Internal\CodedInputStream->pushLimit()
#1 /var/www/clients/client0/web110/web/wp-content/plugins/google-listings-and-ads/vendor/google/protobuf/src/Google/Protobuf/Internal/GPBWire.php(286): Google\Protobuf\Internal\CodedInputStream->incrementRecursionDepthAndPushLimit()
#2 /var/www/clients/client0/web110/web/wp-content/plugins/google-listings-and-ads/vendor/google/protobuf/src/Google/Protobuf/Internal/Message.php(435): Google\Protobuf\Internal\GPBWire::readMessage()
#3 /var/www/clients/client0/web110/web/wp-content/plugins/google-listings-and-ads/vendor/google/pr dans /var/www/clients/client0/web110/web/wp-content/plugins/google-listings-and-ads/vendor/google/protobuf/src/Google/Protobuf/Internal/CodedInputStream.php à la ligne 340

2021-07-16T07:41:46+00:00 CRITICAL Uncaught Google\Protobuf\Internal\GPBDecodeException: Error occurred during parsing: Fail to push limit. in /var/www/clients/client0/web110/web/wp-content/plugins/google-listings-and-ads/vendor/google/protobuf/src/Google/Protobuf/Internal/CodedInputStream.php:340
Stack trace:
#0 /var/www/clients/client0/web110/web/wp-content/plugins/google-listings-and-ads/vendor/google/protobuf/src/Google/Protobuf/Internal/CodedInputStream.php(363): Google\Protobuf\Internal\CodedInputStream->pushLimit()
#1 /var/www/clients/client0/web110/web/wp-content/plugins/google-listings-and-ads/vendor/google/protobuf/src/Google/Protobuf/Internal/GPBWire.php(286): Google\Protobuf\Internal\CodedInputStream->incrementRecursionDepthAndPushLimit()
#2 /var/www/clients/client0/web110/web/wp-content/plugins/google-listings-and-ads/vendor/google/protobuf/src/Google/Protobuf/Internal/Message.php(435): Google\Protobuf\Internal\GPBWire::readMessage()
#3 /var/www/clients/client0/web110/web/wp-content/plugins/google-listings-and-ads/vendor/google/pr dans /var/www/clients/client0/web110/web/wp-content/plugins/google-listings-and-ads/vendor/google/protobuf/src/Google/Protobuf/Internal/CodedInputStream.php à la ligne 340

2021-07-16T07:41:50+00:00 CRITICAL Uncaught Google\Protobuf\Internal\GPBDecodeException: Error occurred during parsing: Fail to push limit. in /var/www/clients/client0/web110/web/wp-content/plugins/google-listings-and-ads/vendor/google/protobuf/src/Google/Protobuf/Internal/CodedInputStream.php:340
Stack trace:
#0 /var/www/clients/client0/web110/web/wp-content/plugins/google-listings-and-ads/vendor/google/protobuf/src/Google/Protobuf/Internal/CodedInputStream.php(363): Google\Protobuf\Internal\CodedInputStream->pushLimit()
#1 /var/www/clients/client0/web110/web/wp-content/plugins/google-listings-and-ads/vendor/google/protobuf/src/Google/Protobuf/Internal/GPBWire.php(286): Google\Protobuf\Internal\CodedInputStream->incrementRecursionDepthAndPushLimit()
#2 /var/www/clients/client0/web110/web/wp-content/plugins/google-listings-and-ads/vendor/google/protobuf/src/Google/Protobuf/Internal/Message.php(435): Google\Protobuf\Internal\GPBWire::readMessage()
#3 /var/www/clients/client0/web110/web/wp-content/plugins/google-listings-and-ads/vendor/google/pr dans /var/www/clients/client0/web110/web/wp-content/plugins/google-listings-and-ads/vendor/google/protobuf/src/Google/Protobuf/Internal/CodedInputStream.php à la ligne 340

2021-07-16T07:42:09+00:00 CRITICAL Uncaught Google\Protobuf\Internal\GPBDecodeException: Error occurred during parsing: Fail to push limit. in /var/www/clients/client0/web110/web/wp-content/plugins/google-listings-and-ads/vendor/google/protobuf/src/Google/Protobuf/Internal/CodedInputStream.php:340
Stack trace:
#0 /var/www/clients/client0/web110/web/wp-content/plugins/google-listings-and-ads/vendor/google/protobuf/src/Google/Protobuf/Internal/CodedInputStream.php(363): Google\Protobuf\Internal\CodedInputStream->pushLimit()
#1 /var/www/clients/client0/web110/web/wp-content/plugins/google-listings-and-ads/vendor/google/protobuf/src/Google/Protobuf/Internal/GPBWire.php(286): Google\Protobuf\Internal\CodedInputStream->incrementRecursionDepthAndPushLimit()
#2 /var/www/clients/client0/web110/web/wp-content/plugins/google-listings-and-ads/vendor/google/protobuf/src/Google/Protobuf/Internal/Message.php(435): Google\Protobuf\Internal\GPBWire::readMessage()
#3 /var/www/clients/client0/web110/web/wp-content/plugins/google-listings-and-ads/vendor/google/pr dans /var/www/clients/client0/web110/web/wp-content/plugins/google-listings-and-ads/vendor/google/protobuf/src/Google/Protobuf/Internal/CodedInputStream.php à la ligne 340

2021-07-16T07:42:16+00:00 CRITICAL Uncaught Google\Protobuf\Internal\GPBDecodeException: Error occurred during parsing: Fail to push limit. in /var/www/clients/client0/web110/web/wp-content/plugins/google-listings-and-ads/vendor/google/protobuf/src/Google/Protobuf/Internal/CodedInputStream.php:340
Stack trace:
#0 /var/www/clients/client0/web110/web/wp-content/plugins/google-listings-and-ads/vendor/google/protobuf/src/Google/Protobuf/Internal/CodedInputStream.php(363): Google\Protobuf\Internal\CodedInputStream->pushLimit()
#1 /var/www/clients/client0/web110/web/wp-content/plugins/google-listings-and-ads/vendor/google/protobuf/src/Google/Protobuf/Internal/GPBWire.php(286): Google\Protobuf\Internal\CodedInputStream->incrementRecursionDepthAndPushLimit()
#2 /var/www/clients/client0/web110/web/wp-content/plugins/google-listings-and-ads/vendor/google/protobuf/src/Google/Protobuf/Internal/Message.php(435): Google\Protobuf\Internal\GPBWire::readMessage()
#3 /var/www/clients/client0/web110/web/wp-content/plugins/google-listings-and-ads/vendor/google/pr dans /var/www/clients/client0/web110/web/wp-content/plugins/google-listings-and-ads/vendor/google/protobuf/src/Google/Protobuf/Internal/CodedInputStream.php à la ligne 340

2021-07-16T07:42:20+00:00 CRITICAL Uncaught Google\Protobuf\Internal\GPBDecodeException: Error occurred during parsing: Fail to push limit. in /var/www/clients/client0/web110/web/wp-content/plugins/google-listings-and-ads/vendor/google/protobuf/src/Google/Protobuf/Internal/CodedInputStream.php:340
Stack trace:
#0 /var/www/clients/client0/web110/web/wp-content/plugins/google-listings-and-ads/vendor/google/protobuf/src/Google/Protobuf/Internal/CodedInputStream.php(363): Google\Protobuf\Internal\CodedInputStream->pushLimit()
#1 /var/www/clients/client0/web110/web/wp-content/plugins/google-listings-and-ads/vendor/google/protobuf/src/Google/Protobuf/Internal/GPBWire.php(286): Google\Protobuf\Internal\CodedInputStream->incrementRecursionDepthAndPushLimit()
#2 /var/www/clients/client0/web110/web/wp-content/plugins/google-listings-and-ads/vendor/google/protobuf/src/Google/Protobuf/Internal/Message.php(435): Google\Protobuf\Internal\GPBWire::readMessage()
#3 /var/www/clients/client0/web110/web/wp-content/plugins/google-listings-and-ads/vendor/google/pr dans /var/www/clients/client0/web110/web/wp-content/plugins/google-listings-and-ads/vendor/google/protobuf/src/Google/Protobuf/Internal/CodedInputStream.php à la ligne 340

2021-07-16T07:43:02+00:00 CRITICAL Uncaught Google\Protobuf\Internal\GPBDecodeException: Error occurred during parsing: Fail to push limit. in /var/www/clients/client0/web110/web/wp-content/plugins/google-listings-and-ads/vendor/google/protobuf/src/Google/Protobuf/Internal/CodedInputStream.php:340
Stack trace:
#0 /var/www/clients/client0/web110/web/wp-content/plugins/google-listings-and-ads/vendor/google/protobuf/src/Google/Protobuf/Internal/CodedInputStream.php(363): Google\Protobuf\Internal\CodedInputStream->pushLimit()
#1 /var/www/clients/client0/web110/web/wp-content/plugins/google-listings-and-ads/vendor/google/protobuf/src/Google/Protobuf/Internal/GPBWire.php(286): Google\Protobuf\Internal\CodedInputStream->incrementRecursionDepthAndPushLimit()
#2 /var/www/clients/client0/web110/web/wp-content/plugins/google-listings-and-ads/vendor/google/protobuf/src/Google/Protobuf/Internal/Message.php(435): Google\Protobuf\Internal\GPBWire::readMessage()
#3 /var/www/clients/client0/web110/web/wp-content/plugins/google-listings-and-ads/vendor/google/pr dans /var/www/clients/client0/web110/web/wp-content/plugins/google-listings-and-ads/vendor/google/protobuf/src/Google/Protobuf/Internal/CodedInputStream.php à la ligne 340

2021-07-16T07:43:04+00:00 CRITICAL Uncaught Google\Protobuf\Internal\GPBDecodeException: Error occurred during parsing: Fail to push limit. in /var/www/clients/client0/web110/web/wp-content/plugins/google-listings-and-ads/vendor/google/protobuf/src/Google/Protobuf/Internal/CodedInputStream.php:340
Stack trace:
#0 /var/www/clients/client0/web110/web/wp-content/plugins/google-listings-and-ads/vendor/google/protobuf/src/Google/Protobuf/Internal/CodedInputStream.php(363): Google\Protobuf\Internal\CodedInputStream->pushLimit()
#1 /var/www/clients/client0/web110/web/wp-content/plugins/google-listings-and-ads/vendor/google/protobuf/src/Google/Protobuf/Internal/GPBWire.php(286): Google\Protobuf\Internal\CodedInputStream->incrementRecursionDepthAndPushLimit()
#2 /var/www/clients/client0/web110/web/wp-content/plugins/google-listings-and-ads/vendor/google/protobuf/src/Google/Protobuf/Internal/Message.php(435): Google\Protobuf\Internal\GPBWire::readMessage()
#3 /var/www/clients/client0/web110/web/wp-content/plugins/google-listings-and-ads/vendor/google/pr dans /var/www/clients/client0/web110/web/wp-content/plugins/google-listings-and-ads/vendor/google/protobuf/src/Google/Protobuf/Internal/CodedInputStream.php à la ligne 340

2021-07-16T07:43:33+00:00 CRITICAL Uncaught Google\Protobuf\Internal\GPBDecodeException: Error occurred during parsing: Fail to push limit. in /var/www/clients/client0/web110/web/wp-content/plugins/google-listings-and-ads/vendor/google/protobuf/src/Google/Protobuf/Internal/CodedInputStream.php:340
Stack trace:
#0 /var/www/clients/client0/web110/web/wp-content/plugins/google-listings-and-ads/vendor/google/protobuf/src/Google/Protobuf/Internal/CodedInputStream.php(363): Google\Protobuf\Internal\CodedInputStream->pushLimit()
#1 /var/www/clients/client0/web110/web/wp-content/plugins/google-listings-and-ads/vendor/google/protobuf/src/Google/Protobuf/Internal/GPBWire.php(286): Google\Protobuf\Internal\CodedInputStream->incrementRecursionDepthAndPushLimit()
#2 /var/www/clients/client0/web110/web/wp-content/plugins/google-listings-and-ads/vendor/google/protobuf/src/Google/Protobuf/Internal/Message.php(435): Google\Protobuf\Internal\GPBWire::readMessage()
#3 /var/www/clients/client0/web110/web/wp-content/plugins/google-listings-and-ads/vendor/google/pr dans /var/www/clients/client0/web110/web/wp-content/plugins/google-listings-and-ads/vendor/google/protobuf/src/Google/Protobuf/Internal/CodedInputStream.php à la ligne 340

2021-07-16T07:43:34+00:00 CRITICAL Uncaught Google\Protobuf\Internal\GPBDecodeException: Error occurred during parsing: Fail to push limit. in /var/www/clients/client0/web110/web/wp-content/plugins/google-listings-and-ads/vendor/google/protobuf/src/Google/Protobuf/Internal/CodedInputStream.php:340
Stack trace:
#0 /var/www/clients/client0/web110/web/wp-content/plugins/google-listings-and-ads/vendor/google/protobuf/src/Google/Protobuf/Internal/CodedInputStream.php(363): Google\Protobuf\Internal\CodedInputStream->pushLimit()
#1 /var/www/clients/client0/web110/web/wp-content/plugins/google-listings-and-ads/vendor/google/protobuf/src/Google/Protobuf/Internal/GPBWire.php(286): Google\Protobuf\Internal\CodedInputStream->incrementRecursionDepthAndPushLimit()
#2 /var/www/clients/client0/web110/web/wp-content/plugins/google-listings-and-ads/vendor/google/protobuf/src/Google/Protobuf/Internal/Message.php(435): Google\Protobuf\Internal\GPBWire::readMessage()
#3 /var/www/clients/client0/web110/web/wp-content/plugins/google-listings-and-ads/vendor/google/pr dans /var/www/clients/client0/web110/web/wp-content/plugins/google-listings-and-ads/vendor/google/protobuf/src/Google/Protobuf/Internal/CodedInputStream.php à la ligne 340

2021-07-16T07:43:42+00:00 CRITICAL Uncaught Google\Protobuf\Internal\GPBDecodeException: Error occurred during parsing: Fail to push limit. in /var/www/clients/client0/web110/web/wp-content/plugins/google-listings-and-ads/vendor/google/protobuf/src/Google/Protobuf/Internal/CodedInputStream.php:340
Stack trace:
#0 /var/www/clients/client0/web110/web/wp-content/plugins/google-listings-and-ads/vendor/google/protobuf/src/Google/Protobuf/Internal/CodedInputStream.php(363): Google\Protobuf\Internal\CodedInputStream->pushLimit()
#1 /var/www/clients/client0/web110/web/wp-content/plugins/google-listings-and-ads/vendor/google/protobuf/src/Google/Protobuf/Internal/GPBWire.php(286): Google\Protobuf\Internal\CodedInputStream->incrementRecursionDepthAndPushLimit()
#2 /var/www/clients/client0/web110/web/wp-content/plugins/google-listings-and-ads/vendor/google/protobuf/src/Google/Protobuf/Internal/Message.php(435): Google\Protobuf\Internal\GPBWire::readMessage()
#3 /var/www/clients/client0/web110/web/wp-content/plugins/google-listings-and-ads/vendor/google/pr dans /var/www/clients/client0/web110/web/wp-content/plugins/google-listings-and-ads/vendor/google/protobuf/src/Google/Protobuf/Internal/CodedInputStream.php à la ligne 340

2021-07-16T07:43:42+00:00 CRITICAL Uncaught Google\Protobuf\Internal\GPBDecodeException: Error occurred during parsing: Fail to push limit. in /var/www/clients/client0/web110/web/wp-content/plugins/google-listings-and-ads/vendor/google/protobuf/src/Google/Protobuf/Internal/CodedInputStream.php:340
Stack trace:
#0 /var/www/clients/client0/web110/web/wp-content/plugins/google-listings-and-ads/vendor/google/protobuf/src/Google/Protobuf/Internal/CodedInputStream.php(363): Google\Protobuf\Internal\CodedInputStream->pushLimit()
#1 /var/www/clients/client0/web110/web/wp-content/plugins/google-listings-and-ads/vendor/google/protobuf/src/Google/Protobuf/Internal/GPBWire.php(286): Google\Protobuf\Internal\CodedInputStream->incrementRecursionDepthAndPushLimit()
#2 /var/www/clients/client0/web110/web/wp-content/plugins/google-listings-and-ads/vendor/google/protobuf/src/Google/Protobuf/Internal/Message.php(435): Google\Protobuf\Internal\GPBWire::readMessage()
#3 /var/www/clients/client0/web110/web/wp-content/plugins/google-listings-and-ads/vendor/google/pr dans /var/www/clients/client0/web110/web/wp-content/plugins/google-listings-and-ads/vendor/google/protobuf/src/Google/Protobuf/Internal/CodedInputStream.php à la ligne 340

2021-07-16T07:43:46+00:00 CRITICAL Uncaught Google\Protobuf\Internal\GPBDecodeException: Error occurred during parsing: Fail to push limit. in /var/www/clients/client0/web110/web/wp-content/plugins/google-listings-and-ads/vendor/google/protobuf/src/Google/Protobuf/Internal/CodedInputStream.php:340
Stack trace:
#0 /var/www/clients/client0/web110/web/wp-content/plugins/google-listings-and-ads/vendor/google/protobuf/src/Google/Protobuf/Internal/CodedInputStream.php(363): Google\Protobuf\Internal\CodedInputStream->pushLimit()
#1 /var/www/clients/client0/web110/web/wp-content/plugins/google-listings-and-ads/vendor/google/protobuf/src/Google/Protobuf/Internal/GPBWire.php(286): Google\Protobuf\Internal\CodedInputStream->incrementRecursionDepthAndPushLimit()
#2 /var/www/clients/client0/web110/web/wp-content/plugins/google-listings-and-ads/vendor/google/protobuf/src/Google/Protobuf/Internal/Message.php(435): Google\Protobuf\Internal\GPBWire::readMessage()
#3 /var/www/clients/client0/web110/web/wp-content/plugins/google-listings-and-ads/vendor/google/pr dans /var/www/clients/client0/web110/web/wp-content/plugins/google-listings-and-ads/vendor/google/protobuf/src/Google/Protobuf/Internal/CodedInputStream.php à la ligne 340

2021-07-16T07:45:41+00:00 CRITICAL Uncaught Google\Protobuf\Internal\GPBDecodeException: Error occurred during parsing: Fail to push limit. in /var/www/clients/client0/web110/web/wp-content/plugins/google-listings-and-ads/vendor/google/protobuf/src/Google/Protobuf/Internal/CodedInputStream.php:340
Stack trace:
#0 /var/www/clients/client0/web110/web/wp-content/plugins/google-listings-and-ads/vendor/google/protobuf/src/Google/Protobuf/Internal/CodedInputStream.php(363): Google\Protobuf\Internal\CodedInputStream->pushLimit()
#1 /var/www/clients/client0/web110/web/wp-content/plugins/google-listings-and-ads/vendor/google/protobuf/src/Google/Protobuf/Internal/GPBWire.php(286): Google\Protobuf\Internal\CodedInputStream->incrementRecursionDepthAndPushLimit()
#2 /var/www/clients/client0/web110/web/wp-content/plugins/google-listings-and-ads/vendor/google/protobuf/src/Google/Protobuf/Internal/Message.php(435): Google\Protobuf\Internal\GPBWire::readMessage()
#3 /var/www/clients/client0/web110/web/wp-content/plugins/google-listings-and-ads/vendor/google/pr dans /var/www/clients/client0/web110/web/wp-content/plugins/google-listings-and-ads/vendor/google/protobuf/src/Google/Protobuf/Internal/CodedInputStream.php à la ligne 340

2021-07-16T07:46:24+00:00 CRITICAL Uncaught Google\Protobuf\Internal\GPBDecodeException: Error occurred during parsing: Fail to push limit. in /var/www/clients/client0/web110/web/wp-content/plugins/google-listings-and-ads/vendor/google/protobuf/src/Google/Protobuf/Internal/CodedInputStream.php:340
Stack trace:
#0 /var/www/clients/client0/web110/web/wp-content/plugins/google-listings-and-ads/vendor/google/protobuf/src/Google/Protobuf/Internal/CodedInputStream.php(363): Google\Protobuf\Internal\CodedInputStream->pushLimit()
#1 /var/www/clients/client0/web110/web/wp-content/plugins/google-listings-and-ads/vendor/google/protobuf/src/Google/Protobuf/Internal/GPBWire.php(286): Google\Protobuf\Internal\CodedInputStream->incrementRecursionDepthAndPushLimit()
#2 /var/www/clients/client0/web110/web/wp-content/plugins/google-listings-and-ads/vendor/google/protobuf/src/Google/Protobuf/Internal/Message.php(435): Google\Protobuf\Internal\GPBWire::readMessage()
#3 /var/www/clients/client0/web110/web/wp-content/plugins/google-listings-and-ads/vendor/google/pr dans /var/www/clients/client0/web110/web/wp-content/plugins/google-listings-and-ads/vendor/google/protobuf/src/Google/Protobuf/Internal/CodedInputStream.php à la ligne 340

2021-07-16T07:46:24+00:00 CRITICAL Uncaught Google\Protobuf\Internal\GPBDecodeException: Error occurred during parsing: Fail to push limit. in /var/www/clients/client0/web110/web/wp-content/plugins/google-listings-and-ads/vendor/google/protobuf/src/Google/Protobuf/Internal/CodedInputStream.php:340
Stack trace:
#0 /var/www/clients/client0/web110/web/wp-content/plugins/google-listings-and-ads/vendor/google/protobuf/src/Google/Protobuf/Internal/CodedInputStream.php(363): Google\Protobuf\Internal\CodedInputStream->pushLimit()
#1 /var/www/clients/client0/web110/web/wp-content/plugins/google-listings-and-ads/vendor/google/protobuf/src/Google/Protobuf/Internal/GPBWire.php(286): Google\Protobuf\Internal\CodedInputStream->incrementRecursionDepthAndPushLimit()
#2 /var/www/clients/client0/web110/web/wp-content/plugins/google-listings-and-ads/vendor/google/protobuf/src/Google/Protobuf/Internal/Message.php(435): Google\Protobuf\Internal\GPBWire::readMessage()
#3 /var/www/clients/client0/web110/web/wp-content/plugins/google-listings-and-ads/vendor/google/pr dans /var/www/clients/client0/web110/web/wp-content/plugins/google-listings-and-ads/vendor/google/protobuf/src/Google/Protobuf/Internal/CodedInputStream.php à la ligne 340

