2021-07-15T14:41:40+00:00 CRITICAL Uncaught Google\Protobuf\Internal\GPBDecodeException: Error occurred during parsing: Fail to push limit. in /var/www/clients/client0/web110/web/wp-content/plugins/google-listings-and-ads/vendor/google/protobuf/src/Google/Protobuf/Internal/CodedInputStream.php:340
Stack trace:
#0 /var/www/clients/client0/web110/web/wp-content/plugins/google-listings-and-ads/vendor/google/protobuf/src/Google/Protobuf/Internal/CodedInputStream.php(363): Google\Protobuf\Internal\CodedInputStream->pushLimit()
#1 /var/www/clients/client0/web110/web/wp-content/plugins/google-listings-and-ads/vendor/google/protobuf/src/Google/Protobuf/Internal/GPBWire.php(286): Google\Protobuf\Internal\CodedInputStream->incrementRecursionDepthAndPushLimit()
#2 /var/www/clients/client0/web110/web/wp-content/plugins/google-listings-and-ads/vendor/google/protobuf/src/Google/Protobuf/Internal/Message.php(435): Google\Protobuf\Internal\GPBWire::readMessage()
#3 /var/www/clients/client0/web110/web/wp-content/plugins/google-listings-and-ads/vendor/google/pr dans /var/www/clients/client0/web110/web/wp-content/plugins/google-listings-and-ads/vendor/google/protobuf/src/Google/Protobuf/Internal/CodedInputStream.php à la ligne 340

2021-07-15T14:42:05+00:00 CRITICAL Uncaught Google\Protobuf\Internal\GPBDecodeException: Error occurred during parsing: Fail to push limit. in /var/www/clients/client0/web110/web/wp-content/plugins/google-listings-and-ads/vendor/google/protobuf/src/Google/Protobuf/Internal/CodedInputStream.php:340
Stack trace:
#0 /var/www/clients/client0/web110/web/wp-content/plugins/google-listings-and-ads/vendor/google/protobuf/src/Google/Protobuf/Internal/CodedInputStream.php(363): Google\Protobuf\Internal\CodedInputStream->pushLimit()
#1 /var/www/clients/client0/web110/web/wp-content/plugins/google-listings-and-ads/vendor/google/protobuf/src/Google/Protobuf/Internal/GPBWire.php(286): Google\Protobuf\Internal\CodedInputStream->incrementRecursionDepthAndPushLimit()
#2 /var/www/clients/client0/web110/web/wp-content/plugins/google-listings-and-ads/vendor/google/protobuf/src/Google/Protobuf/Internal/Message.php(435): Google\Protobuf\Internal\GPBWire::readMessage()
#3 /var/www/clients/client0/web110/web/wp-content/plugins/google-listings-and-ads/vendor/google/pr dans /var/www/clients/client0/web110/web/wp-content/plugins/google-listings-and-ads/vendor/google/protobuf/src/Google/Protobuf/Internal/CodedInputStream.php à la ligne 340

2021-07-15T14:42:17+00:00 CRITICAL Uncaught Google\Protobuf\Internal\GPBDecodeException: Error occurred during parsing: Fail to push limit. in /var/www/clients/client0/web110/web/wp-content/plugins/google-listings-and-ads/vendor/google/protobuf/src/Google/Protobuf/Internal/CodedInputStream.php:340
Stack trace:
#0 /var/www/clients/client0/web110/web/wp-content/plugins/google-listings-and-ads/vendor/google/protobuf/src/Google/Protobuf/Internal/CodedInputStream.php(363): Google\Protobuf\Internal\CodedInputStream->pushLimit()
#1 /var/www/clients/client0/web110/web/wp-content/plugins/google-listings-and-ads/vendor/google/protobuf/src/Google/Protobuf/Internal/GPBWire.php(286): Google\Protobuf\Internal\CodedInputStream->incrementRecursionDepthAndPushLimit()
#2 /var/www/clients/client0/web110/web/wp-content/plugins/google-listings-and-ads/vendor/google/protobuf/src/Google/Protobuf/Internal/Message.php(435): Google\Protobuf\Internal\GPBWire::readMessage()
#3 /var/www/clients/client0/web110/web/wp-content/plugins/google-listings-and-ads/vendor/google/pr dans /var/www/clients/client0/web110/web/wp-content/plugins/google-listings-and-ads/vendor/google/protobuf/src/Google/Protobuf/Internal/CodedInputStream.php à la ligne 340

2021-07-15T14:42:24+00:00 CRITICAL Uncaught Google\Protobuf\Internal\GPBDecodeException: Error occurred during parsing: Fail to push limit. in /var/www/clients/client0/web110/web/wp-content/plugins/google-listings-and-ads/vendor/google/protobuf/src/Google/Protobuf/Internal/CodedInputStream.php:340
Stack trace:
#0 /var/www/clients/client0/web110/web/wp-content/plugins/google-listings-and-ads/vendor/google/protobuf/src/Google/Protobuf/Internal/CodedInputStream.php(363): Google\Protobuf\Internal\CodedInputStream->pushLimit()
#1 /var/www/clients/client0/web110/web/wp-content/plugins/google-listings-and-ads/vendor/google/protobuf/src/Google/Protobuf/Internal/GPBWire.php(286): Google\Protobuf\Internal\CodedInputStream->incrementRecursionDepthAndPushLimit()
#2 /var/www/clients/client0/web110/web/wp-content/plugins/google-listings-and-ads/vendor/google/protobuf/src/Google/Protobuf/Internal/Message.php(435): Google\Protobuf\Internal\GPBWire::readMessage()
#3 /var/www/clients/client0/web110/web/wp-content/plugins/google-listings-and-ads/vendor/google/pr dans /var/www/clients/client0/web110/web/wp-content/plugins/google-listings-and-ads/vendor/google/protobuf/src/Google/Protobuf/Internal/CodedInputStream.php à la ligne 340

2021-07-15T14:42:27+00:00 CRITICAL Uncaught Google\Protobuf\Internal\GPBDecodeException: Error occurred during parsing: Fail to push limit. in /var/www/clients/client0/web110/web/wp-content/plugins/google-listings-and-ads/vendor/google/protobuf/src/Google/Protobuf/Internal/CodedInputStream.php:340
Stack trace:
#0 /var/www/clients/client0/web110/web/wp-content/plugins/google-listings-and-ads/vendor/google/protobuf/src/Google/Protobuf/Internal/CodedInputStream.php(363): Google\Protobuf\Internal\CodedInputStream->pushLimit()
#1 /var/www/clients/client0/web110/web/wp-content/plugins/google-listings-and-ads/vendor/google/protobuf/src/Google/Protobuf/Internal/GPBWire.php(286): Google\Protobuf\Internal\CodedInputStream->incrementRecursionDepthAndPushLimit()
#2 /var/www/clients/client0/web110/web/wp-content/plugins/google-listings-and-ads/vendor/google/protobuf/src/Google/Protobuf/Internal/Message.php(435): Google\Protobuf\Internal\GPBWire::readMessage()
#3 /var/www/clients/client0/web110/web/wp-content/plugins/google-listings-and-ads/vendor/google/pr dans /var/www/clients/client0/web110/web/wp-content/plugins/google-listings-and-ads/vendor/google/protobuf/src/Google/Protobuf/Internal/CodedInputStream.php à la ligne 340

2021-07-15T14:42:38+00:00 CRITICAL Uncaught Google\Protobuf\Internal\GPBDecodeException: Error occurred during parsing: Fail to push limit. in /var/www/clients/client0/web110/web/wp-content/plugins/google-listings-and-ads/vendor/google/protobuf/src/Google/Protobuf/Internal/CodedInputStream.php:340
Stack trace:
#0 /var/www/clients/client0/web110/web/wp-content/plugins/google-listings-and-ads/vendor/google/protobuf/src/Google/Protobuf/Internal/CodedInputStream.php(363): Google\Protobuf\Internal\CodedInputStream->pushLimit()
#1 /var/www/clients/client0/web110/web/wp-content/plugins/google-listings-and-ads/vendor/google/protobuf/src/Google/Protobuf/Internal/GPBWire.php(286): Google\Protobuf\Internal\CodedInputStream->incrementRecursionDepthAndPushLimit()
#2 /var/www/clients/client0/web110/web/wp-content/plugins/google-listings-and-ads/vendor/google/protobuf/src/Google/Protobuf/Internal/Message.php(435): Google\Protobuf\Internal\GPBWire::readMessage()
#3 /var/www/clients/client0/web110/web/wp-content/plugins/google-listings-and-ads/vendor/google/pr dans /var/www/clients/client0/web110/web/wp-content/plugins/google-listings-and-ads/vendor/google/protobuf/src/Google/Protobuf/Internal/CodedInputStream.php à la ligne 340

2021-07-15T14:42:42+00:00 CRITICAL Uncaught Google\Protobuf\Internal\GPBDecodeException: Error occurred during parsing: Fail to push limit. in /var/www/clients/client0/web110/web/wp-content/plugins/google-listings-and-ads/vendor/google/protobuf/src/Google/Protobuf/Internal/CodedInputStream.php:340
Stack trace:
#0 /var/www/clients/client0/web110/web/wp-content/plugins/google-listings-and-ads/vendor/google/protobuf/src/Google/Protobuf/Internal/CodedInputStream.php(363): Google\Protobuf\Internal\CodedInputStream->pushLimit()
#1 /var/www/clients/client0/web110/web/wp-content/plugins/google-listings-and-ads/vendor/google/protobuf/src/Google/Protobuf/Internal/GPBWire.php(286): Google\Protobuf\Internal\CodedInputStream->incrementRecursionDepthAndPushLimit()
#2 /var/www/clients/client0/web110/web/wp-content/plugins/google-listings-and-ads/vendor/google/protobuf/src/Google/Protobuf/Internal/Message.php(435): Google\Protobuf\Internal\GPBWire::readMessage()
#3 /var/www/clients/client0/web110/web/wp-content/plugins/google-listings-and-ads/vendor/google/pr dans /var/www/clients/client0/web110/web/wp-content/plugins/google-listings-and-ads/vendor/google/protobuf/src/Google/Protobuf/Internal/CodedInputStream.php à la ligne 340

2021-07-15T14:44:06+00:00 CRITICAL Uncaught Google\Protobuf\Internal\GPBDecodeException: Error occurred during parsing: Fail to push limit. in /var/www/clients/client0/web110/web/wp-content/plugins/google-listings-and-ads/vendor/google/protobuf/src/Google/Protobuf/Internal/CodedInputStream.php:340
Stack trace:
#0 /var/www/clients/client0/web110/web/wp-content/plugins/google-listings-and-ads/vendor/google/protobuf/src/Google/Protobuf/Internal/CodedInputStream.php(363): Google\Protobuf\Internal\CodedInputStream->pushLimit()
#1 /var/www/clients/client0/web110/web/wp-content/plugins/google-listings-and-ads/vendor/google/protobuf/src/Google/Protobuf/Internal/GPBWire.php(286): Google\Protobuf\Internal\CodedInputStream->incrementRecursionDepthAndPushLimit()
#2 /var/www/clients/client0/web110/web/wp-content/plugins/google-listings-and-ads/vendor/google/protobuf/src/Google/Protobuf/Internal/Message.php(435): Google\Protobuf\Internal\GPBWire::readMessage()
#3 /var/www/clients/client0/web110/web/wp-content/plugins/google-listings-and-ads/vendor/google/pr dans /var/www/clients/client0/web110/web/wp-content/plugins/google-listings-and-ads/vendor/google/protobuf/src/Google/Protobuf/Internal/CodedInputStream.php à la ligne 340

2021-07-15T14:44:30+00:00 CRITICAL Uncaught Google\Protobuf\Internal\GPBDecodeException: Error occurred during parsing: Fail to push limit. in /var/www/clients/client0/web110/web/wp-content/plugins/google-listings-and-ads/vendor/google/protobuf/src/Google/Protobuf/Internal/CodedInputStream.php:340
Stack trace:
#0 /var/www/clients/client0/web110/web/wp-content/plugins/google-listings-and-ads/vendor/google/protobuf/src/Google/Protobuf/Internal/CodedInputStream.php(363): Google\Protobuf\Internal\CodedInputStream->pushLimit()
#1 /var/www/clients/client0/web110/web/wp-content/plugins/google-listings-and-ads/vendor/google/protobuf/src/Google/Protobuf/Internal/GPBWire.php(286): Google\Protobuf\Internal\CodedInputStream->incrementRecursionDepthAndPushLimit()
#2 /var/www/clients/client0/web110/web/wp-content/plugins/google-listings-and-ads/vendor/google/protobuf/src/Google/Protobuf/Internal/Message.php(435): Google\Protobuf\Internal\GPBWire::readMessage()
#3 /var/www/clients/client0/web110/web/wp-content/plugins/google-listings-and-ads/vendor/google/pr dans /var/www/clients/client0/web110/web/wp-content/plugins/google-listings-and-ads/vendor/google/protobuf/src/Google/Protobuf/Internal/CodedInputStream.php à la ligne 340

2021-07-15T14:44:33+00:00 CRITICAL Uncaught Google\Protobuf\Internal\GPBDecodeException: Error occurred during parsing: Fail to push limit. in /var/www/clients/client0/web110/web/wp-content/plugins/google-listings-and-ads/vendor/google/protobuf/src/Google/Protobuf/Internal/CodedInputStream.php:340
Stack trace:
#0 /var/www/clients/client0/web110/web/wp-content/plugins/google-listings-and-ads/vendor/google/protobuf/src/Google/Protobuf/Internal/CodedInputStream.php(363): Google\Protobuf\Internal\CodedInputStream->pushLimit()
#1 /var/www/clients/client0/web110/web/wp-content/plugins/google-listings-and-ads/vendor/google/protobuf/src/Google/Protobuf/Internal/GPBWire.php(286): Google\Protobuf\Internal\CodedInputStream->incrementRecursionDepthAndPushLimit()
#2 /var/www/clients/client0/web110/web/wp-content/plugins/google-listings-and-ads/vendor/google/protobuf/src/Google/Protobuf/Internal/Message.php(435): Google\Protobuf\Internal\GPBWire::readMessage()
#3 /var/www/clients/client0/web110/web/wp-content/plugins/google-listings-and-ads/vendor/google/pr dans /var/www/clients/client0/web110/web/wp-content/plugins/google-listings-and-ads/vendor/google/protobuf/src/Google/Protobuf/Internal/CodedInputStream.php à la ligne 340

2021-07-15T14:44:38+00:00 CRITICAL Uncaught Google\Protobuf\Internal\GPBDecodeException: Error occurred during parsing: Fail to push limit. in /var/www/clients/client0/web110/web/wp-content/plugins/google-listings-and-ads/vendor/google/protobuf/src/Google/Protobuf/Internal/CodedInputStream.php:340
Stack trace:
#0 /var/www/clients/client0/web110/web/wp-content/plugins/google-listings-and-ads/vendor/google/protobuf/src/Google/Protobuf/Internal/CodedInputStream.php(363): Google\Protobuf\Internal\CodedInputStream->pushLimit()
#1 /var/www/clients/client0/web110/web/wp-content/plugins/google-listings-and-ads/vendor/google/protobuf/src/Google/Protobuf/Internal/GPBWire.php(286): Google\Protobuf\Internal\CodedInputStream->incrementRecursionDepthAndPushLimit()
#2 /var/www/clients/client0/web110/web/wp-content/plugins/google-listings-and-ads/vendor/google/protobuf/src/Google/Protobuf/Internal/Message.php(435): Google\Protobuf\Internal\GPBWire::readMessage()
#3 /var/www/clients/client0/web110/web/wp-content/plugins/google-listings-and-ads/vendor/google/pr dans /var/www/clients/client0/web110/web/wp-content/plugins/google-listings-and-ads/vendor/google/protobuf/src/Google/Protobuf/Internal/CodedInputStream.php à la ligne 340

2021-07-15T14:44:38+00:00 CRITICAL Uncaught Google\Protobuf\Internal\GPBDecodeException: Error occurred during parsing: Fail to push limit. in /var/www/clients/client0/web110/web/wp-content/plugins/google-listings-and-ads/vendor/google/protobuf/src/Google/Protobuf/Internal/CodedInputStream.php:340
Stack trace:
#0 /var/www/clients/client0/web110/web/wp-content/plugins/google-listings-and-ads/vendor/google/protobuf/src/Google/Protobuf/Internal/CodedInputStream.php(363): Google\Protobuf\Internal\CodedInputStream->pushLimit()
#1 /var/www/clients/client0/web110/web/wp-content/plugins/google-listings-and-ads/vendor/google/protobuf/src/Google/Protobuf/Internal/GPBWire.php(286): Google\Protobuf\Internal\CodedInputStream->incrementRecursionDepthAndPushLimit()
#2 /var/www/clients/client0/web110/web/wp-content/plugins/google-listings-and-ads/vendor/google/protobuf/src/Google/Protobuf/Internal/Message.php(435): Google\Protobuf\Internal\GPBWire::readMessage()
#3 /var/www/clients/client0/web110/web/wp-content/plugins/google-listings-and-ads/vendor/google/pr dans /var/www/clients/client0/web110/web/wp-content/plugins/google-listings-and-ads/vendor/google/protobuf/src/Google/Protobuf/Internal/CodedInputStream.php à la ligne 340

